This is pdfTeX, Version 3.1415926-2.3-1.40.12 (MiKTeX 2.9) (preloaded format=pdflatex 2014.9.2)  16 NOV 2014 17:04
entering extended mode
**status-ChengChuZhao.tex
(F:\Upenn\CIS519\Project\status-ChengChuZhao\status-ChengChuZhao.tex
LaTeX2e <2011/06/27>
Babel <v3.8m> and hyphenation patterns for loaded.
(D:\Â∫îÁî®Á®ãÂ∫è\CTEX\MiKTeX\tex\latex\base\article.cls
Document Class: article 2007/10/19 v1.4h Standard LaTeX document class
(D:\Â∫îÁî®Á®ãÂ∫è\CTEX\MiKTeX\tex\latex\base\size10.clo
File: size10.clo 2007/10/19 v1.4h Standard LaTeX file (size option)
)
\c@part=\count79
\c@section=\count80
\c@subsection=\count81
\c@subsubsection=\count82
\c@paragraph=\count83
\c@subparagraph=\count84
\c@figure=\count85
\c@table=\count86
\abovecaptionskip=\skip41
\belowcaptionskip=\skip42
\bibindent=\dimen102
)
(D:\Â∫îÁî®Á®ãÂ∫è\CTEX\MiKTeX\tex\latex\psnfss\times.sty
Package: times 2005/04/12 PSNFSS-v9.2a (SPQR) 
)
(D:\Â∫îÁî®Á®ãÂ∫è\CTEX\MiKTeX\tex\latex\graphics\graphicx.sty
Package: graphicx 1999/02/16 v1.0f Enhanced LaTeX Graphics (DPC,SPQR)

(D:\Â∫îÁî®Á®ãÂ∫è\CTEX\MiKTeX\tex\latex\graphics\keyval.sty
Package: keyval 1999/03/16 v1.13 key=value parser (DPC)
\KV@toks@=\toks14
)
(D:\Â∫îÁî®Á®ãÂ∫è\CTEX\MiKTeX\tex\latex\graphics\graphics.sty
Package: graphics 2009/02/05 v1.0o Standard LaTeX Graphics (DPC,SPQR)

(D:\Â∫îÁî®Á®ãÂ∫è\CTEX\MiKTeX\tex\latex\graphics\trig.sty
Package: trig 1999/03/16 v1.09 sin cos tan (DPC)
)
(D:\Â∫îÁî®Á®ãÂ∫è\CTEX\MiKTeX\tex\latex\00miktex\graphics.cfg
File: graphics.cfg 2007/01/18 v1.5 graphics configuration of teTeX/TeXLive
)
Package graphics Info: Driver file: pdftex.def on input line 91.

(D:\Â∫îÁî®Á®ãÂ∫è\CTEX\MiKTeX\tex\latex\pdftex-def\pdftex.def
File: pdftex.def 2011/05/27 v0.06d Graphics/color for pdfTeX

(D:\Â∫îÁî®Á®ãÂ∫è\CTEX\MiKTeX\tex\generic\oberdiek\infwarerr.sty
Package: infwarerr 2010/04/08 v1.3 Providing info/warning/message (HO)
)
(D:\Â∫îÁî®Á®ãÂ∫è\CTEX\MiKTeX\tex\generic\oberdiek\ltxcmds.sty
Package: ltxcmds 2011/04/18 v1.20 LaTeX kernel commands for general use (HO)
)
\Gread@gobject=\count87
))
\Gin@req@height=\dimen103
\Gin@req@width=\dimen104
)
(D:\Â∫îÁî®Á®ãÂ∫è\CTEX\MiKTeX\tex\latex\subfigure\subfigure.sty
Package: subfigure 2002/07/30 v2.1.4 subfigure package
\subfigtopskip=\skip43
\subfigcapskip=\skip44
\subfigcaptopadj=\dimen105
\subfigbottomskip=\skip45
\subfigcapmargin=\dimen106
\subfiglabelskip=\skip46
\c@subfigure=\count88
\c@lofdepth=\count89
\c@subtable=\count90
\c@lotdepth=\count91

****************************************
* Local config file subfigure.cfg used *
****************************************
(D:\Â∫îÁî®Á®ãÂ∫è\CTEX\MiKTeX\tex\latex\subfigure\subfigure.cfg)
\subfig@top=\skip47
\subfig@bottom=\skip48
)
(F:\Upenn\CIS519\Project\status-ChengChuZhao\natbib.sty
Package: natbib 2009/07/16 8.31 (PWD, AO)
\bibhang=\skip49
\bibsep=\skip50
LaTeX Info: Redefining \cite on input line 694.
\c@NAT@ctr=\count92
)
(F:\Upenn\CIS519\Project\status-ChengChuZhao\algorithm.sty
Package: algorithm 

Document Style `algorithm' - floating environment
(D:\Â∫îÁî®Á®ãÂ∫è\CTEX\MiKTeX\tex\latex\float\float.sty
Package: float 2001/11/08 v1.3d Float enhancements (AL)
\c@float@type=\count93
\float@exts=\toks15
\float@box=\box26
\@float@everytoks=\toks16
\@floatcapt=\box27
)
(D:\Â∫îÁî®Á®ãÂ∫è\CTEX\MiKTeX\tex\latex\base\ifthen.sty
Package: ifthen 2001/05/26 v1.1c Standard LaTeX ifthen package (DPC)
)
\@float@every@algorithm=\toks17
\c@algorithm=\count94
)
(F:\Upenn\CIS519\Project\status-ChengChuZhao\algorithmic.sty
Package: algorithmic 

Document Style `algorithmic' - environment
(D:\Â∫îÁî®Á®ãÂ∫è\CTEX\MiKTeX\tex\latex\tools\calc.sty
Package: calc 2007/08/22 v4.3 Infix arithmetic (KKT,FJ)
\calc@Acount=\count95
\calc@Bcount=\count96
\calc@Adimen=\dimen107
\calc@Bdimen=\dimen108
\calc@Askip=\skip51
\calc@Bskip=\skip52
LaTeX Info: Redefining \setlength on input line 76.
LaTeX Info: Redefining \addtolength on input line 77.
\calc@Ccount=\count97
\calc@Cskip=\skip53
)
\c@ALC@line=\count98
\c@ALC@rem=\count99
\ALC@tlm=\skip54
)
(D:\Â∫îÁî®Á®ãÂ∫è\CTEX\MiKTeX\tex\latex\hyperref\hyperref.sty
Package: hyperref 2012/02/06 v6.82o Hypertext links for LaTeX

(D:\Â∫îÁî®Á®ãÂ∫è\CTEX\MiKTeX\tex\generic\oberdiek\hobsub-hyperref.sty
Package: hobsub-hyperref 2011/04/23 v1.4 Bundle oberdiek, subset hyperref (HO)

(D:\Â∫îÁî®Á®ãÂ∫è\CTEX\MiKTeX\tex\generic\oberdiek\hobsub-generic.sty
Package: hobsub-generic 2011/04/23 v1.4 Bundle oberdiek, subset generic (HO)
Package: hobsub 2011/04/23 v1.4 Subsetting bundle oberdiek (HO)
Package hobsub Info: Skipping package `infwarerr' (already loaded).
Package hobsub Info: Skipping package `ltxcmds' (already loaded).
Package: ifluatex 2010/03/01 v1.3 Provides the ifluatex switch (HO)
Package ifluatex Info: LuaTeX not detected.
Package: ifvtex 2010/03/01 v1.5 Switches for detecting VTeX and its modes (HO)
Package ifvtex Info: VTeX not detected.
Package: intcalc 2007/09/27 v1.1 Expandable integer calculations (HO)
Package: ifpdf 2011/01/30 v2.3 Provides the ifpdf switch (HO)
Package ifpdf Info: pdfTeX in PDF mode is detected.
Package: etexcmds 2011/02/16 v1.5 Prefix for e-TeX command names (HO)
Package etexcmds Info: Could not find \expanded.
(etexcmds)             That can mean that you are not using pdfTeX 1.50 or
(etexcmds)             that some package has redefined \expanded.
(etexcmds)             In the latter case, load this package earlier.
Package: kvsetkeys 2011/04/07 v1.13 Key value parser (HO)
Package: kvdefinekeys 2011/04/07 v1.3 Defining keys (HO)
Package: pdftexcmds 2011/04/22 v0.16 Utilities of pdfTeX for LuaTeX (HO)
Package pdftexcmds Info: LuaTeX not detected.
Package pdftexcmds Info: \pdf@primitive is available.
Package pdftexcmds Info: \pdf@ifprimitive is available.
Package pdftexcmds Info: \pdfdraftmode found.
Package: pdfescape 2011/04/04 v1.12 Provides string conversions (HO)
Package: bigintcalc 2011/01/30 v1.2 Expandable big integer calculations (HO)
Package: bitset 2011/01/30 v1.1 Data type bit set (HO)
Package: uniquecounter 2011/01/30 v1.2 Provides unlimited unique counter (HO)
)
Package hobsub Info: Skipping package `hobsub' (already loaded).
Package: letltxmacro 2010/09/02 v1.4 Let assignment for LaTeX macros (HO)
Package: hopatch 2011/01/30 v1.0 Wrapper for package hooks (HO)
Package: xcolor-patch 2011/01/30 xcolor patch
Package: atveryend 2011/04/23 v1.7 Hooks at very end of document (HO)
Package: atbegshi 2011/01/30 v1.15 At begin shipout hook (HO)
Package: refcount 2010/12/01 v3.2 Data extraction from references (HO)
Package: hycolor 2011/01/30 v1.7 Color options of hyperref/bookmark (HO)
)
(D:\Â∫îÁî®Á®ãÂ∫è\CTEX\MiKTeX\tex\generic\ifxetex\ifxetex.sty
Package: ifxetex 2010/09/12 v0.6 Provides ifxetex conditional
)
(D:\Â∫îÁî®Á®ãÂ∫è\CTEX\MiKTeX\tex\latex\oberdiek\kvoptions.sty
Package: kvoptions 2010/12/23 v3.10 Keyval support for LaTeX options (HO)
)
\@linkdim=\dimen109
\Hy@linkcounter=\count100
\Hy@pagecounter=\count101

(D:\Â∫îÁî®Á®ãÂ∫è\CTEX\MiKTeX\tex\latex\hyperref\pd1enc.def
File: pd1enc.def 2012/02/06 v6.82o Hyperref: PDFDocEncoding definition (HO)
)
\Hy@SavedSpaceFactor=\count102

(D:\Â∫îÁî®Á®ãÂ∫è\CTEX\MiKTeX\tex\latex\00miktex\hyperref.cfg
File: hyperref.cfg 2002/06/06 v1.2 hyperref configuration of TeXLive
)
Package hyperref Info: Hyper figures OFF on input line 4046.
Package hyperref Info: Link nesting OFF on input line 4051.
Package hyperref Info: Hyper index ON on input line 4054.
Package hyperref Info: Plain pages OFF on input line 4061.
Package hyperref Info: Backreferencing OFF on input line 4066.
Package hyperref Info: Implicit mode ON; LaTeX internals redefined.
Package hyperref Info: Bookmarks ON on input line 4284.
\c@Hy@tempcnt=\count103

(D:\Â∫îÁî®Á®ãÂ∫è\CTEX\MiKTeX\tex\latex\ltxmisc\url.sty
\Urlmuskip=\muskip10
Package: url 2006/04/12  ver 3.3  Verb mode for urls, etc.
)
LaTeX Info: Redefining \url on input line 4637.
\Fld@menulength=\count104
\Field@Width=\dimen110
\Fld@charsize=\dimen111
Package hyperref Info: Hyper figures OFF on input line 5757.
Package hyperref Info: Link nesting OFF on input line 5762.
Package hyperref Info: Hyper index ON on input line 5765.
Package hyperref Info: backreferencing OFF on input line 5772.
Package hyperref Info: Link coloring OFF on input line 5777.
Package hyperref Info: Link coloring with OCG OFF on input line 5782.
Package hyperref Info: PDF/A mode OFF on input line 5787.
LaTeX Info: Redefining \ref on input line 5827.
LaTeX Info: Redefining \pageref on input line 5831.
\Hy@abspage=\count105
\c@Item=\count106
\c@Hfootnote=\count107
)

Package hyperref Message: Driver (autodetected): hpdftex.

(D:\Â∫îÁî®Á®ãÂ∫è\CTEX\MiKTeX\tex\latex\hyperref\hpdftex.def
File: hpdftex.def 2012/02/06 v6.82o Hyperref driver for pdfTeX
\Fld@listcount=\count108
\c@bookmark@seq@number=\count109

(D:\Â∫îÁî®Á®ãÂ∫è\CTEX\MiKTeX\tex\latex\oberdiek\rerunfilecheck.sty
Package: rerunfilecheck 2011/04/15 v1.7 Rerun checks for auxiliary files (HO)
Package uniquecounter Info: New unique counter `rerunfilecheck' on input line 2
82.
)
\Hy@SectionHShift=\skip55
)
(F:\Upenn\CIS519\Project\status-ChengChuZhao\icml2014.sty
Package: icml2014 2014/01/01 v2.0 ICML Conference Style File

(F:\Upenn\CIS519\Project\status-ChengChuZhao\fancyhdr.sty
\fancy@headwidth=\skip56
\f@ncyO@elh=\skip57
\f@ncyO@erh=\skip58
\f@ncyO@olh=\skip59
\f@ncyO@orh=\skip60
\f@ncyO@elf=\skip61
\f@ncyO@erf=\skip62
\f@ncyO@olf=\skip63
\f@ncyO@orf=\skip64
)
(D:\Â∫îÁî®Á®ãÂ∫è\CTEX\MiKTeX\tex\latex\graphics\color.sty
Package: color 2005/11/14 v1.0j Standard LaTeX Color (DPC)

(D:\Â∫îÁî®Á®ãÂ∫è\CTEX\MiKTeX\tex\latex\00miktex\color.cfg
File: color.cfg 2007/01/18 v1.5 color configuration of teTeX/TeXLive
)
Package color Info: Driver file: pdftex.def on input line 130.
)
(D:\Â∫îÁî®Á®ãÂ∫è\CTEX\MiKTeX\tex\latex\eso-pic\eso-pic.sty
Package: eso-pic 2010/10/06 v2.0c eso-pic (RN)
)
Package hyperref Info: Option `colorlinks' set `true' on input line 96.
\titrun=\box28
\captionbox=\box29
\captionboxwid=\dimen112
\icmlrulerbox=\box30
\icmlrulercount=\count110
\icmlruleroffset=\dimen113
\cv@lineheight=\dimen114
\cv@boxheight=\dimen115
\cv@tmpbox=\box31
\cv@refno=\count111
\cv@tot=\count112
\cv@tmpc@=\count113
\cv@tmpc=\count114
)
(F:\Upenn\CIS519\Project\status-ChengChuZhao\status-ChengChuZhao.aux)
LaTeX Font Info:    Checking defaults for OML/cmm/m/it on input line 44.
LaTeX Font Info:    ... okay on input line 44.
LaTeX Font Info:    Checking defaults for T1/cmr/m/n on input line 44.
LaTeX Font Info:    ... okay on input line 44.
LaTeX Font Info:    Checking defaults for OT1/cmr/m/n on input line 44.
LaTeX Font Info:    ... okay on input line 44.
LaTeX Font Info:    Checking defaults for OMS/cmsy/m/n on input line 44.
LaTeX Font Info:    ... okay on input line 44.
LaTeX Font Info:    Checking defaults for OMX/cmex/m/n on input line 44.
LaTeX Font Info:    ... okay on input line 44.
LaTeX Font Info:    Checking defaults for U/cmr/m/n on input line 44.
LaTeX Font Info:    ... okay on input line 44.
LaTeX Font Info:    Checking defaults for PD1/pdf/m/n on input line 44.
LaTeX Font Info:    ... okay on input line 44.
LaTeX Font Info:    Try loading font information for OT1+ptm on input line 44.

(D:\Â∫îÁî®Á®ãÂ∫è\CTEX\MiKTeX\tex\latex\psnfss\ot1ptm.fd
File: ot1ptm.fd 2001/06/04 font definitions for OT1/ptm.
)
(D:\Â∫îÁî®Á®ãÂ∫è\CTEX\MiKTeX\tex\context\base\supp-pdf.mkii
[Loading MPS to PDF converter (version 2006.09.02).]
\scratchcounter=\count115
\scratchdimen=\dimen116
\scratchbox=\box32
\nofMPsegments=\count116
\nofMParguments=\count117
\everyMPshowfont=\toks18
\MPscratchCnt=\count118
\MPscratchDim=\dimen117
\MPnumerator=\count119
\makeMPintoPDFobject=\count120
\everyMPtoPDFconversion=\toks19
)
\AtBeginShipoutBox=\box33
Package hyperref Info: Link coloring ON on input line 44.
 (D:\Â∫îÁî®Á®ãÂ∫è\CTEX\MiKTeX\tex\latex\hyperref\nameref.sty
Package: nameref 2010/04/30 v2.40 Cross-referencing by name of section

(D:\Â∫îÁî®Á®ãÂ∫è\CTEX\MiKTeX\tex\generic\oberdiek\gettitlestring.sty
Package: gettitlestring 2010/12/03 v1.4 Cleanup title references (HO)
)
\c@section@level=\count121
)
LaTeX Info: Redefining \ref on input line 44.
LaTeX Info: Redefining \pageref on input line 44.
LaTeX Info: Redefining \nameref on input line 44.

(F:\Upenn\CIS519\Project\status-ChengChuZhao\status-ChengChuZhao.out)
(F:\Upenn\CIS519\Project\status-ChengChuZhao\status-ChengChuZhao.out)
\@outlinefile=\write3


Package hyperref Warning: Token not allowed in a PDF string (PDFDocEncoding):
(hyperref)                removing `\\' on input line 63.

LaTeX Font Info:    Font shape `OT1/ptm/bx/n' in size <9> not available
(Font)              Font shape `OT1/ptm/b/n' tried instead on input line 63.
LaTeX Font Info:    Font shape `OT1/ptm/bx/n' in size <14.4> not available
(Font)              Font shape `OT1/ptm/b/n' tried instead on input line 63.

Overfull \hbox (5.1225pt too wide) in paragraph at lines 65--65
 [] 
 []

LaTeX Font Info:    Font shape `OT1/ptm/bx/n' in size <12> not available
(Font)              Font shape `OT1/ptm/b/n' tried instead on input line 65.

Underfull \hbox (badness 10000) in paragraph at lines 72--74

 []

LaTeX Font Info:    External font `cmex10' loaded for size
(Font)              <7> on input line 77.
LaTeX Font Info:    External font `cmex10' loaded for size
(Font)              <5> on input line 77.
LaTeX Font Info:    Try loading font information for OT1+pcr on input line 77.
(D:\Â∫îÁî®Á®ãÂ∫è\CTEX\MiKTeX\tex\latex\psnfss\ot1pcr.fd
File: ot1pcr.fd 2001/06/04 font definitions for OT1/pcr.
)
Underfull \hbox (badness 1270) in paragraph at lines 75--80
\OT1/ptm/m/n/10 main part-s in the im-age, some-times with even oth-er
 []


Underfull \hbox (badness 1043) in paragraph at lines 75--80
\OT1/ptm/m/n/10 sur-round-ings, such as a white soccer-ball in a bright
 []


Underfull \hbox (badness 10000) in paragraph at lines 75--80

 []

LaTeX Font Info:    Font shape `OT1/ptm/bx/n' in size <10> not available
(Font)              Font shape `OT1/ptm/b/n' tried instead on input line 85.

Underfull \hbox (badness 10000) in paragraph at lines 86--87

 []


Underfull \vbox (badness 10000) has occurred while \output is active []

 [1{D:/Â∫îÁî®Á®ãÂ∫è/CTEX/UserData/pdftex/config/pdftex.map{Unicode.sfd}{UGBK.sf
d}}



]
Underfull \vbox (badness 10000) has occurred while \output is active []

LaTeX Font Info:    External font `cmex10' loaded for size
(Font)              <9> on input line 162.
LaTeX Font Info:    External font `cmex10' loaded for size
(Font)              <6> on input line 162.


Package natbib Warning: Citation `Samuel59' on page 2 undefined on input line 2
02.


Package natbib Warning: Citation `Samuel59' on page 2 undefined on input line 2
04.


Package natbib Warning: Citation `kearns89' on page 2 undefined on input line 2
05.


Package natbib Warning: Citation `Samuel59' on page 2 undefined on input line 2
05.


Package natbib Warning: Citation `mitchell80' on page 2 undefined on input line
 205.


Package natbib Warning: Citation `MachineLearningI' on page 2 undefined on inpu
t line 207.


Package natbib Warning: Citation `Samuel59' on page 2 undefined on input line 2
10.


Package natbib Warning: Citation `langley00' on page 2 undefined on input line 
210.


Package natbib Warning: Citation `Newell81' on page 2 undefined on input line 2
10.


Package natbib Warning: Citation `DudaHart2nd' on page 2 undefined on input lin
e 210.


Package natbib Warning: Citation `MachineLearningI' on page 2 undefined on inpu
t line 210.


Package natbib Warning: Citation `mitchell80' on page 2 undefined on input line
 211.


Package natbib Warning: Citation `kearns89' on page 2 undefined on input line 2
11.

No file status-ChengChuZhao.bbl.

Package natbib Warning: There were undefined citations.

Package atveryend Info: Empty hook `BeforeClearDocument' on input line 221.
[2]
Package atveryend Info: Empty hook `AfterLastShipout' on input line 221.
 (F:\Upenn\CIS519\Project\status-ChengChuZhao\status-ChengChuZhao.aux)
Package atveryend Info: Executing hook `AtVeryEndDocument' on input line 221.
Package atveryend Info: Executing hook `AtEndAfterFileList' on input line 221.
Package rerunfilecheck Info: File `status-ChengChuZhao.out' has not changed.
(rerunfilecheck)             Checksum: D41D8CD98F00B204E9800998ECF8427E;0.
 ) 
Here is how much of TeX's memory you used:
 6015 strings out of 495354
 86433 string characters out of 3183132
 192090 words of memory out of 3000000
 9104 multiletter control sequences out of 15000+200000
 23301 words of font info for 44 fonts, out of 3000000 for 9000
 14 hyphenation exceptions out of 8191
 32i,11n,45p,575b,570s stack positions out of 5000i,500n,10000p,200000b,50000s
{D:/Â∫îÁî®Á®ãÂ∫è/CTEX/MiKTeX/fonts/enc/dvips/fontname/8r.enc}<D:/Â∫îÁî®Á®ãÂ∫è
/CTEX/MiKTeX/fonts/type1/public/amsfonts/cm/cmmi10.pfb><D:/Â∫îÁî®Á®ãÂ∫è/CTEX/Mi
KTeX/fonts/type1/public/amsfonts/cm/cmmi7.pfb><D:/Â∫îÁî®Á®ãÂ∫è/CTEX/MiKTeX/font
s/type1/public/amsfonts/cm/cmr10.pfb><D:/Â∫îÁî®Á®ãÂ∫è/CTEX/MiKTeX/fonts/type1/p
ublic/amsfonts/cm/cmr7.pfb><D:/Â∫îÁî®Á®ãÂ∫è/CTEX/MiKTeX/fonts/type1/public/amsf
onts/cm/cmsy10.pfb><D:/Â∫îÁî®Á®ãÂ∫è/CTEX/MiKTeX/fonts/type1/public/amsfonts/cm/
cmsy9.pfb><D:/Â∫îÁî®Á®ãÂ∫è/CTEX/MiKTeX/fonts/type1/urw/courier/ucrr8a.pfb><D:/Â
∫îÁî®Á®ãÂ∫è/CTEX/MiKTeX/fonts/type1/urw/times/utmb8a.pfb><D:/Â∫îÁî®Á®ãÂ∫è/CTEX/
MiKTeX/fonts/type1/urw/times/utmr8a.pfb><D:/Â∫îÁî®Á®ãÂ∫è/CTEX/MiKTeX/fonts/type
1/urw/times/utmr8a.pfb><D:/Â∫îÁî®Á®ãÂ∫è/CTEX/MiKTeX/fonts/type1/urw/times/utmri
8a.pfb>
Output written on status-ChengChuZhao.pdf (2 pages, 122119 bytes).
PDF statistics:
 79 PDF objects out of 1000 (max. 8388607)
 16 named destinations out of 1000 (max. 500000)
 1 words of extra memory for PDF output out of 10000 (max. 10000000)

