<<<<<<< HEAD
This is pdfTeX, Version 3.1415926-2.5-1.40.14 (TeX Live 2013/Debian) (format=pdflatex 2014.9.12)  8 DEC 2014 19:54
=======
This is pdfTeX, Version 3.1415926-2.3-1.40.12 (MiKTeX 2.9) (preloaded format=pdflatex 2014.9.2)  8 DEC 2014 20:43
>>>>>>> 61cf696e7553095d84d1872fec9d2729e24f57f2
entering extended mode
**report-ChengChuZhao.tex
(F:\Upenn\CIS519\Project\final-ChengChuZhao\report-ChengChuZhao.tex
LaTeX2e <2011/06/27>
Babel <v3.8m> and hyphenation patterns for loaded.
(D:\Â∫îÁî®Á®ãÂ∫è\CTEX\MiKTeX\tex\latex\base\article.cls
Document Class: article 2007/10/19 v1.4h Standard LaTeX document class
(D:\Â∫îÁî®Á®ãÂ∫è\CTEX\MiKTeX\tex\latex\base\size10.clo
File: size10.clo 2007/10/19 v1.4h Standard LaTeX file (size option)
)
\c@part=\count79
\c@section=\count80
\c@subsection=\count81
\c@subsubsection=\count82
\c@paragraph=\count83
\c@subparagraph=\count84
\c@figure=\count85
\c@table=\count86
\abovecaptionskip=\skip41
\belowcaptionskip=\skip42
\bibindent=\dimen102
)
(D:\Â∫îÁî®Á®ãÂ∫è\CTEX\MiKTeX\tex\latex\psnfss\times.sty
Package: times 2005/04/12 PSNFSS-v9.2a (SPQR) 
)
(D:\Â∫îÁî®Á®ãÂ∫è\CTEX\MiKTeX\tex\latex\graphics\graphicx.sty
Package: graphicx 1999/02/16 v1.0f Enhanced LaTeX Graphics (DPC,SPQR)

(D:\Â∫îÁî®Á®ãÂ∫è\CTEX\MiKTeX\tex\latex\graphics\keyval.sty
Package: keyval 1999/03/16 v1.13 key=value parser (DPC)
\KV@toks@=\toks14
)
(D:\Â∫îÁî®Á®ãÂ∫è\CTEX\MiKTeX\tex\latex\graphics\graphics.sty
Package: graphics 2009/02/05 v1.0o Standard LaTeX Graphics (DPC,SPQR)

(D:\Â∫îÁî®Á®ãÂ∫è\CTEX\MiKTeX\tex\latex\graphics\trig.sty
Package: trig 1999/03/16 v1.09 sin cos tan (DPC)
)
(D:\Â∫îÁî®Á®ãÂ∫è\CTEX\MiKTeX\tex\latex\00miktex\graphics.cfg
File: graphics.cfg 2007/01/18 v1.5 graphics configuration of teTeX/TeXLive
)
Package graphics Info: Driver file: pdftex.def on input line 91.

(D:\Â∫îÁî®Á®ãÂ∫è\CTEX\MiKTeX\tex\latex\pdftex-def\pdftex.def
File: pdftex.def 2011/05/27 v0.06d Graphics/color for pdfTeX

(D:\Â∫îÁî®Á®ãÂ∫è\CTEX\MiKTeX\tex\generic\oberdiek\infwarerr.sty
Package: infwarerr 2010/04/08 v1.3 Providing info/warning/message (HO)
)
(D:\Â∫îÁî®Á®ãÂ∫è\CTEX\MiKTeX\tex\generic\oberdiek\ltxcmds.sty
Package: ltxcmds 2011/04/18 v1.20 LaTeX kernel commands for general use (HO)
)
\Gread@gobject=\count87
))
\Gin@req@height=\dimen103
\Gin@req@width=\dimen104
)
(F:\Upenn\CIS519\Project\final-ChengChuZhao\natbib.sty
Package: natbib 2009/07/16 8.31 (PWD, AO)
\bibhang=\skip43
\bibsep=\skip44
LaTeX Info: Redefining \cite on input line 694.
\c@NAT@ctr=\count88
)
(F:\Upenn\CIS519\Project\final-ChengChuZhao\algorithm.sty
Package: algorithm 

Document Style `algorithm' - floating environment
(D:\Â∫îÁî®Á®ãÂ∫è\CTEX\MiKTeX\tex\latex\float\float.sty
Package: float 2001/11/08 v1.3d Float enhancements (AL)
\c@float@type=\count89
\float@exts=\toks15
\float@box=\box26
\@float@everytoks=\toks16
\@floatcapt=\box27
)
(D:\Â∫îÁî®Á®ãÂ∫è\CTEX\MiKTeX\tex\latex\base\ifthen.sty
Package: ifthen 2001/05/26 v1.1c Standard LaTeX ifthen package (DPC)
)
\@float@every@algorithm=\toks17
\c@algorithm=\count90
)
(F:\Upenn\CIS519\Project\final-ChengChuZhao\algorithmic.sty
Package: algorithmic 

Document Style `algorithmic' - environment
(D:\Â∫îÁî®Á®ãÂ∫è\CTEX\MiKTeX\tex\latex\tools\calc.sty
Package: calc 2007/08/22 v4.3 Infix arithmetic (KKT,FJ)
\calc@Acount=\count91
\calc@Bcount=\count92
\calc@Adimen=\dimen105
\calc@Bdimen=\dimen106
\calc@Askip=\skip45
\calc@Bskip=\skip46
LaTeX Info: Redefining \setlength on input line 76.
LaTeX Info: Redefining \addtolength on input line 77.
\calc@Ccount=\count93
\calc@Cskip=\skip47
)
\c@ALC@line=\count94
\c@ALC@rem=\count95
\ALC@tlm=\skip48
)
(D:\Â∫îÁî®Á®ãÂ∫è\CTEX\MiKTeX\tex\latex\hyperref\hyperref.sty
Package: hyperref 2012/02/06 v6.82o Hypertext links for LaTeX

(D:\Â∫îÁî®Á®ãÂ∫è\CTEX\MiKTeX\tex\generic\oberdiek\hobsub-hyperref.sty
Package: hobsub-hyperref 2011/04/23 v1.4 Bundle oberdiek, subset hyperref (HO)

(D:\Â∫îÁî®Á®ãÂ∫è\CTEX\MiKTeX\tex\generic\oberdiek\hobsub-generic.sty
Package: hobsub-generic 2011/04/23 v1.4 Bundle oberdiek, subset generic (HO)
Package: hobsub 2011/04/23 v1.4 Subsetting bundle oberdiek (HO)
Package hobsub Info: Skipping package `infwarerr' (already loaded).
Package hobsub Info: Skipping package `ltxcmds' (already loaded).
Package: ifluatex 2010/03/01 v1.3 Provides the ifluatex switch (HO)
Package ifluatex Info: LuaTeX not detected.
Package: ifvtex 2010/03/01 v1.5 Switches for detecting VTeX and its modes (HO)
Package ifvtex Info: VTeX not detected.
Package: intcalc 2007/09/27 v1.1 Expandable integer calculations (HO)
Package: ifpdf 2011/01/30 v2.3 Provides the ifpdf switch (HO)
Package ifpdf Info: pdfTeX in PDF mode is detected.
Package: etexcmds 2011/02/16 v1.5 Prefix for e-TeX command names (HO)
Package etexcmds Info: Could not find \expanded.
(etexcmds)             That can mean that you are not using pdfTeX 1.50 or
(etexcmds)             that some package has redefined \expanded.
(etexcmds)             In the latter case, load this package earlier.
Package: kvsetkeys 2011/04/07 v1.13 Key value parser (HO)
Package: kvdefinekeys 2011/04/07 v1.3 Defining keys (HO)
Package: pdftexcmds 2011/04/22 v0.16 Utilities of pdfTeX for LuaTeX (HO)
Package pdftexcmds Info: LuaTeX not detected.
Package pdftexcmds Info: \pdf@primitive is available.
Package pdftexcmds Info: \pdf@ifprimitive is available.
Package pdftexcmds Info: \pdfdraftmode found.
Package: pdfescape 2011/04/04 v1.12 Provides string conversions (HO)
Package: bigintcalc 2011/01/30 v1.2 Expandable big integer calculations (HO)
Package: bitset 2011/01/30 v1.1 Data type bit set (HO)
Package: uniquecounter 2011/01/30 v1.2 Provides unlimited unique counter (HO)
)
Package hobsub Info: Skipping package `hobsub' (already loaded).
Package: letltxmacro 2010/09/02 v1.4 Let assignment for LaTeX macros (HO)
Package: hopatch 2011/01/30 v1.0 Wrapper for package hooks (HO)
Package: xcolor-patch 2011/01/30 xcolor patch
Package: atveryend 2011/04/23 v1.7 Hooks at very end of document (HO)
Package: atbegshi 2011/01/30 v1.15 At begin shipout hook (HO)
Package: refcount 2010/12/01 v3.2 Data extraction from references (HO)
Package: hycolor 2011/01/30 v1.7 Color options of hyperref/bookmark (HO)
)
(D:\Â∫îÁî®Á®ãÂ∫è\CTEX\MiKTeX\tex\generic\ifxetex\ifxetex.sty
Package: ifxetex 2010/09/12 v0.6 Provides ifxetex conditional
)
(D:\Â∫îÁî®Á®ãÂ∫è\CTEX\MiKTeX\tex\latex\oberdiek\kvoptions.sty
Package: kvoptions 2010/12/23 v3.10 Keyval support for LaTeX options (HO)
)
\@linkdim=\dimen107
\Hy@linkcounter=\count96
\Hy@pagecounter=\count97

(D:\Â∫îÁî®Á®ãÂ∫è\CTEX\MiKTeX\tex\latex\hyperref\pd1enc.def
File: pd1enc.def 2012/02/06 v6.82o Hyperref: PDFDocEncoding definition (HO)
)
\Hy@SavedSpaceFactor=\count98

(D:\Â∫îÁî®Á®ãÂ∫è\CTEX\MiKTeX\tex\latex\00miktex\hyperref.cfg
File: hyperref.cfg 2002/06/06 v1.2 hyperref configuration of TeXLive
)
Package hyperref Info: Hyper figures OFF on input line 4046.
Package hyperref Info: Link nesting OFF on input line 4051.
Package hyperref Info: Hyper index ON on input line 4054.
Package hyperref Info: Plain pages OFF on input line 4061.
Package hyperref Info: Backreferencing OFF on input line 4066.
Package hyperref Info: Implicit mode ON; LaTeX internals redefined.
Package hyperref Info: Bookmarks ON on input line 4284.
\c@Hy@tempcnt=\count99

(D:\Â∫îÁî®Á®ãÂ∫è\CTEX\MiKTeX\tex\latex\ltxmisc\url.sty
\Urlmuskip=\muskip10
Package: url 2006/04/12  ver 3.3  Verb mode for urls, etc.
)
LaTeX Info: Redefining \url on input line 4637.
\Fld@menulength=\count100
\Field@Width=\dimen108
\Fld@charsize=\dimen109
Package hyperref Info: Hyper figures OFF on input line 5757.
Package hyperref Info: Link nesting OFF on input line 5762.
Package hyperref Info: Hyper index ON on input line 5765.
Package hyperref Info: backreferencing OFF on input line 5772.
Package hyperref Info: Link coloring OFF on input line 5777.
Package hyperref Info: Link coloring with OCG OFF on input line 5782.
Package hyperref Info: PDF/A mode OFF on input line 5787.
LaTeX Info: Redefining \ref on input line 5827.
LaTeX Info: Redefining \pageref on input line 5831.
\Hy@abspage=\count101
\c@Item=\count102
\c@Hfootnote=\count103
)

Package hyperref Message: Driver (autodetected): hpdftex.

(D:\Â∫îÁî®Á®ãÂ∫è\CTEX\MiKTeX\tex\latex\hyperref\hpdftex.def
File: hpdftex.def 2012/02/06 v6.82o Hyperref driver for pdfTeX
\Fld@listcount=\count104
\c@bookmark@seq@number=\count105

(D:\Â∫îÁî®Á®ãÂ∫è\CTEX\MiKTeX\tex\latex\oberdiek\rerunfilecheck.sty
Package: rerunfilecheck 2011/04/15 v1.7 Rerun checks for auxiliary files (HO)
Package uniquecounter Info: New unique counter `rerunfilecheck' on input line 2
82.
)
\Hy@SectionHShift=\skip49
)
(F:\Upenn\CIS519\Project\final-ChengChuZhao\icml2014.sty
Package: icml2014 2014/01/01 v2.0 ICML Conference Style File

(F:\Upenn\CIS519\Project\final-ChengChuZhao\fancyhdr.sty
\fancy@headwidth=\skip50
\f@ncyO@elh=\skip51
\f@ncyO@erh=\skip52
\f@ncyO@olh=\skip53
\f@ncyO@orh=\skip54
\f@ncyO@elf=\skip55
\f@ncyO@erf=\skip56
\f@ncyO@olf=\skip57
\f@ncyO@orf=\skip58
)
(D:\Â∫îÁî®Á®ãÂ∫è\CTEX\MiKTeX\tex\latex\graphics\color.sty
Package: color 2005/11/14 v1.0j Standard LaTeX Color (DPC)

(D:\Â∫îÁî®Á®ãÂ∫è\CTEX\MiKTeX\tex\latex\00miktex\color.cfg
File: color.cfg 2007/01/18 v1.5 color configuration of teTeX/TeXLive
)
Package color Info: Driver file: pdftex.def on input line 130.
)
(D:\Â∫îÁî®Á®ãÂ∫è\CTEX\MiKTeX\tex\latex\eso-pic\eso-pic.sty
Package: eso-pic 2010/10/06 v2.0c eso-pic (RN)
)
Package hyperref Info: Option `colorlinks' set `true' on input line 96.
\titrun=\box28
\captionbox=\box29
\captionboxwid=\dimen110
\icmlrulerbox=\box30
\icmlrulercount=\count106
\icmlruleroffset=\dimen111
\cv@lineheight=\dimen112
\cv@boxheight=\dimen113
\cv@tmpbox=\box31
\cv@refno=\count107
\cv@tot=\count108
\cv@tmpc@=\count109
\cv@tmpc=\count110
)
(F:\Upenn\CIS519\Project\final-ChengChuZhao\report-ChengChuZhao.aux)
LaTeX Font Info:    Checking defaults for OML/cmm/m/it on input line 44.
LaTeX Font Info:    ... okay on input line 44.
LaTeX Font Info:    Checking defaults for T1/cmr/m/n on input line 44.
LaTeX Font Info:    ... okay on input line 44.
LaTeX Font Info:    Checking defaults for OT1/cmr/m/n on input line 44.
LaTeX Font Info:    ... okay on input line 44.
LaTeX Font Info:    Checking defaults for OMS/cmsy/m/n on input line 44.
LaTeX Font Info:    ... okay on input line 44.
LaTeX Font Info:    Checking defaults for OMX/cmex/m/n on input line 44.
LaTeX Font Info:    ... okay on input line 44.
LaTeX Font Info:    Checking defaults for U/cmr/m/n on input line 44.
LaTeX Font Info:    ... okay on input line 44.
LaTeX Font Info:    Checking defaults for PD1/pdf/m/n on input line 44.
LaTeX Font Info:    ... okay on input line 44.
LaTeX Font Info:    Try loading font information for OT1+ptm on input line 44.

(D:\Â∫îÁî®Á®ãÂ∫è\CTEX\MiKTeX\tex\latex\psnfss\ot1ptm.fd
File: ot1ptm.fd 2001/06/04 font definitions for OT1/ptm.
)
(D:\Â∫îÁî®Á®ãÂ∫è\CTEX\MiKTeX\tex\context\base\supp-pdf.mkii
[Loading MPS to PDF converter (version 2006.09.02).]
\scratchcounter=\count111
\scratchdimen=\dimen114
\scratchbox=\box32
\nofMPsegments=\count112
\nofMParguments=\count113
\everyMPshowfont=\toks18
\MPscratchCnt=\count114
\MPscratchDim=\dimen115
\MPnumerator=\count115
\makeMPintoPDFobject=\count116
\everyMPtoPDFconversion=\toks19
)
\AtBeginShipoutBox=\box33
Package hyperref Info: Link coloring ON on input line 44.
 (D:\Â∫îÁî®Á®ãÂ∫è\CTEX\MiKTeX\tex\latex\hyperref\nameref.sty
Package: nameref 2010/04/30 v2.40 Cross-referencing by name of section

(D:\Â∫îÁî®Á®ãÂ∫è\CTEX\MiKTeX\tex\generic\oberdiek\gettitlestring.sty
Package: gettitlestring 2010/12/03 v1.4 Cleanup title references (HO)
)
\c@section@level=\count117
)
LaTeX Info: Redefining \ref on input line 44.
LaTeX Info: Redefining \pageref on input line 44.
LaTeX Info: Redefining \nameref on input line 44.

(F:\Upenn\CIS519\Project\final-ChengChuZhao\report-ChengChuZhao.out)
(F:\Upenn\CIS519\Project\final-ChengChuZhao\report-ChengChuZhao.out)
\@outlinefile=\write3


Package hyperref Warning: Token not allowed in a PDF string (PDFDocEncoding):
(hyperref)                removing `\\' on input line 63.

LaTeX Font Info:    Font shape `OT1/ptm/bx/n' in size <9> not available
(Font)              Font shape `OT1/ptm/b/n' tried instead on input line 63.
LaTeX Font Info:    Font shape `OT1/ptm/bx/n' in size <14.4> not available
(Font)              Font shape `OT1/ptm/b/n' tried instead on input line 63.
LaTeX Font Info:    Font shape `OT1/ptm/bx/n' in size <10> not available
(Font)              Font shape `OT1/ptm/b/n' tried instead on input line 63.

Overfull \hbox (5.1225pt too wide) in paragraph at lines 65--65
 [] 
 []

LaTeX Font Info:    Font shape `OT1/ptm/bx/n' in size <12> not available
(Font)              Font shape `OT1/ptm/b/n' tried instead on input line 65.
<<<<<<< HEAD

Package natbib Warning: Citation `ROIResult' on page 1 undefined on input line 
71.


Package natbib Warning: Citation `overview' on page 1 undefined on input line 7
7.

=======
>>>>>>> 61cf696e7553095d84d1872fec9d2729e24f57f2
LaTeX Font Info:    External font `cmex10' loaded for size
(Font)              <7> on input line 78.
LaTeX Font Info:    External font `cmex10' loaded for size
(Font)              <5> on input line 78.
<<<<<<< HEAD
<overview.jpg, id=6, 518.6878pt x 277.78781pt>
=======
<overview.jpg, id=7, 518.6878pt x 277.78781pt>
>>>>>>> 61cf696e7553095d84d1872fec9d2729e24f57f2
File: overview.jpg Graphic file (type jpg)
 <use overview.jpg>
Package pdftex.def Info: overview.jpg used on input line 83.
(pdftex.def)             Requested size: 243.91124pt x 130.63232pt.

Overfull \hbox (9.03374pt too wide) in paragraph at lines 83--84
 [][] 
 []


Underfull \hbox (badness 1038) in paragraph at lines 89--91
[]\OT1/ptm/m/n/10 Before we use HOG to ex-tract fea-tures from la-beled
 []


Underfull \hbox (badness 10000) in paragraph at lines 89--91

 []


Underfull \vbox (badness 10000) has occurred while \output is active []

 [1{/var/lib/texmf/fonts/map/pdftex/updmap/pdftex.map}



]
<<<<<<< HEAD
<CornerDetection.jpg, id=22, 656.4525pt x 230.8625pt>
=======
<CornerDetection.jpg, id=26, 656.4525pt x 230.8625pt>
>>>>>>> 61cf696e7553095d84d1872fec9d2729e24f57f2
File: CornerDetection.jpg Graphic file (type jpg)

<use CornerDetection.jpg>
Package pdftex.def Info: CornerDetection.jpg used on input line 95.
(pdftex.def)             Requested size: 195.126pt x 68.62167pt.

Underfull \hbox (badness 10000) in paragraph at lines 100--101

 []

<circleDetection.jpg, id=34, 426.84468pt x 252.945pt>
File: circleDetection.jpg Graphic file (type jpg)

<use circleDetection.jpg>
Package pdftex.def Info: circleDetection.jpg used on input line 104.
(pdftex.def)             Requested size: 195.126pt x 115.63435pt.
<<<<<<< HEAD


Package natbib Warning: Citation `ROIResult' on page 2 undefined on input line 
109.

<ROISelection.jpg, id=30, 353.82187pt x 408.77719pt>
=======
 <ROISelection.jpg, id=36, 353.82187pt x 408.77719pt>
>>>>>>> 61cf696e7553095d84d1872fec9d2729e24f57f2
File: ROISelection.jpg Graphic file (type jpg)

<use ROISelection.jpg>
Package pdftex.def Info: ROISelection.jpg used on input line 112.
(pdftex.def)             Requested size: 195.126pt x 225.43317pt.
 [2 <F:/Upenn/CIS519/Project/final-ChengChuZhao/overview.jpg> <F:/Upenn/CIS519/
Project/final-ChengChuZhao/CornerDetection.jpg> <F:/Upenn/CIS519/Project/final-
ChengChuZhao/circleDetection.jpg> <F:/Upenn/CIS519/Project/final-ChengChuZhao/R
OISelection.jpg>]
Underfull \hbox (badness 10000) in paragraph at lines 122--123

<<<<<<< HEAD
[2 <./overview.jpg> <./CornerDetection.jpg> <./circleDetection.jpg> <./ROISelec
tion.jpg>] (./report-ChengChuZhao.bbl
Underfull \hbox (badness 1546) in paragraph at lines 14--18
[]\OT1/ptm/m/n/10 Brown, Matthew, Szeliski, Richard, and Winder, Si-
 []

)
=======
 []

<successfulResult.jpg, id=53, 593.21625pt x 241.65282pt>
File: successfulResult.jpg Graphic file (type jpg)
>>>>>>> 61cf696e7553095d84d1872fec9d2729e24f57f2

<use successfulResult.jpg>
Package pdftex.def Info: successfulResult.jpg used on input line 126.
(pdftex.def)             Requested size: 243.91124pt x 99.35852pt.

Overfull \hbox (9.03374pt too wide) in paragraph at lines 126--127
 [][] 
 []

<<<<<<< HEAD
]
Package atveryend Info: Empty hook `AfterLastShipout' on input line 148.
 (./report-ChengChuZhao.aux)
Package atveryend Info: Executing hook `AtVeryEndDocument' on input line 148.
Package atveryend Info: Executing hook `AtEndAfterFileList' on input line 148.
Package rerunfilecheck Info: File `report-ChengChuZhao.out' has not changed.
(rerunfilecheck)             Checksum: D41D8CD98F00B204E9800998ECF8427E;0.


LaTeX Warning: Label(s) may have changed. Rerun to get cross-references right.

Package atveryend Info: Empty hook `AtVeryVeryEnd' on input line 148.
 ) 
Here is how much of TeX's memory you used:
 6090 strings out of 493304
 88335 string characters out of 6139871
 180860 words of memory out of 5000000
 9465 multiletter control sequences out of 15000+600000
 19378 words of font info for 34 fonts, out of 8000000 for 9000
 957 hyphenation exceptions out of 8191
 29i,11n,45p,1323b,322s stack positions out of 5000i,500n,10000p,200000b,80000s
{/usr/share/texlive/texmf-dist/fonts/enc/dvips/base/8r.enc}</usr/share/texliv
e/texmf-dist/fonts/type1/public/amsfonts/cm/cmmi10.pfb></usr/share/texlive/texm
f-dist/fonts/type1/public/amsfonts/cm/cmmi7.pfb></usr/share/texlive/texmf-dist/
fonts/type1/public/amsfonts/cm/cmr10.pfb></usr/share/texlive/texmf-dist/fonts/t
ype1/public/amsfonts/cm/cmsy10.pfb></usr/share/texlive/texmf-dist/fonts/type1/u
rw/times/utmb8a.pfb></usr/share/texlive/texmf-dist/fonts/type1/urw/times/utmr8a
.pfb></usr/share/texlive/texmf-dist/fonts/type1/urw/times/utmr8a.pfb></usr/shar
e/texlive/texmf-dist/fonts/type1/urw/times/utmri8a.pfb>
Output written on report-ChengChuZhao.pdf (3 pages, 344829 bytes).
PDF statistics:
 88 PDF objects out of 1000 (max. 8388607)
 70 compressed objects within 1 object stream
 20 named destinations out of 1000 (max. 500000)
 21 words of extra memory for PDF output out of 10000 (max. 10000000)
=======
<failedResult.jpg, id=54, 647.41875pt x 168.63pt>
File: failedResult.jpg Graphic file (type jpg)
 <use failedResult.jpg>
Package pdftex.def Info: failedResult.jpg used on input line 133.
(pdftex.def)             Requested size: 243.91124pt x 63.52942pt.

Overfull \hbox (9.03374pt too wide) in paragraph at lines 133--134
 [][] 
 []

(F:\Upenn\CIS519\Project\final-ChengChuZhao\report-ChengChuZhao.bbl)
Package atveryend Info: Empty hook `BeforeClearDocument' on input line 170.
 [3 <F:/Upenn/CIS519/Project/final-ChengChuZhao/successfulResult.jpg> <F:/Upenn
/CIS519/Project/final-ChengChuZhao/failedResult.jpg>]
Package atveryend Info: Empty hook `AfterLastShipout' on input line 170.

(F:\Upenn\CIS519\Project\final-ChengChuZhao\report-ChengChuZhao.aux)
Package atveryend Info: Executing hook `AtVeryEndDocument' on input line 170.
Package atveryend Info: Executing hook `AtEndAfterFileList' on input line 170.
Package rerunfilecheck Info: File `report-ChengChuZhao.out' has not changed.
(rerunfilecheck)             Checksum: D41D8CD98F00B204E9800998ECF8427E;0.
 ) 
Here is how much of TeX's memory you used:
 5837 strings out of 495354
 84565 string characters out of 3183132
 175735 words of memory out of 3000000
 8927 multiletter control sequences out of 15000+200000
 19378 words of font info for 34 fonts, out of 3000000 for 9000
 14 hyphenation exceptions out of 8191
 29i,11n,45p,1329b,318s stack positions out of 5000i,500n,10000p,200000b,50000s
{D:/Â∫îÁî®Á®ãÂ∫è/CTEX/MiKTeX/fonts/enc/dvips/fontname/8r.enc}<D:/Â∫îÁî®Á®ãÂ∫è
/CTEX/MiKTeX/fonts/type1/public/amsfonts/cm/cmmi10.pfb><D:/Â∫îÁî®Á®ãÂ∫è/CTEX/Mi
KTeX/fonts/type1/public/amsfonts/cm/cmmi7.pfb><D:/Â∫îÁî®Á®ãÂ∫è/CTEX/MiKTeX/font
s/type1/public/amsfonts/cm/cmr10.pfb><D:/Â∫îÁî®Á®ãÂ∫è/CTEX/MiKTeX/fonts/type1/p
ublic/amsfonts/cm/cmsy10.pfb><D:/Â∫îÁî®Á®ãÂ∫è/CTEX/MiKTeX/fonts/type1/urw/times
/utmb8a.pfb><D:/Â∫îÁî®Á®ãÂ∫è/CTEX/MiKTeX/fonts/type1/urw/times/utmr8a.pfb><D:/Â
∫îÁî®Á®ãÂ∫è/CTEX/MiKTeX/fonts/type1/urw/times/utmr8a.pfb><D:/Â∫îÁî®Á®ãÂ∫è/CTEX/
MiKTeX/fonts/type1/urw/times/utmri8a.pfb>
Output written on report-ChengChuZhao.pdf (3 pages, 436811 bytes).
PDF statistics:
 100 PDF objects out of 1000 (max. 8388607)
 24 named destinations out of 1000 (max. 500000)
 31 words of extra memory for PDF output out of 10000 (max. 10000000)
>>>>>>> 61cf696e7553095d84d1872fec9d2729e24f57f2

